<<<<<<< HEAD
1676545824517	geckodriver	INFO	Listening on 127.0.0.1:52331
=======
1676540254198	geckodriver	INFO	Listening on 127.0.0.1:49163
1676540257296	mozrunner::runner	INFO	Running command: "C:\\Program Files\\Mozilla Firefox\\firefox.exe" "--marionette" "--remote-debugging-port" "49164" "--remote-allow-hosts" "localhost" "-no-remote" "-profile" "C:\\Users\\Anirbaan\\AppData\\Local\\Temp\\rust_mozprofile49plH2"
1676540258182	Marionette	INFO	Marionette enabled
Dynamically enable window occlusion 0
1676540258192	Marionette	INFO	Listening on port 49172
Read port: 49172
WebDriver BiDi listening on ws://127.0.0.1:49164
1676540258473	RemoteAgent	WARN	TLS certificate errors will be ignored for this session
console.warn: SearchSettings: "get: No settings file exists, new profile?" (new NotFoundError("Could not open the file at C:\\Users\\Anirbaan\\AppData\\Local\\Temp\\rust_mozprofile49plH2\\search.json.mozlz4", (void 0)))
DevTools listening on ws://127.0.0.1:49164/devtools/browser/03f1888b-735e-4e65-835f-56c9c9f0acd0
JavaScript warning: https://pagead2.googlesyndication.com/bg/Pa3FQa1Op-rzsgWzdRk_U6cBB6Aivrii6CE4opXgiG0.js line 2 > eval line 3806 > eval line 1 > eval line 1 > eval, line 1: WEBGL_debug_renderer_info is deprecated in Firefox and will be removed. Please use RENDERER.
1676541625870	geckodriver	INFO	Listening on 127.0.0.1:52071
1676541628966	mozrunner::runner	INFO	Running command: "C:\\Program Files\\Mozilla Firefox\\firefox.exe" "--marionette" "--remote-debugging-port" "52072" "--remote-allow-hosts" "localhost" "-no-remote" "-profile" "C:\\Users\\Anirbaan\\AppData\\Local\\Temp\\rust_mozprofileMq04bp"
1676541629840	Marionette	INFO	Marionette enabled
Dynamically enable window occlusion 0
1676541629850	Marionette	INFO	Listening on port 52079
Read port: 52079
WebDriver BiDi listening on ws://127.0.0.1:52072
1676541630320	RemoteAgent	WARN	TLS certificate errors will be ignored for this session
console.warn: SearchSettings: "get: No settings file exists, new profile?" (new NotFoundError("Could not open the file at C:\\Users\\Anirbaan\\AppData\\Local\\Temp\\rust_mozprofileMq04bp\\search.json.mozlz4", (void 0)))
DevTools listening on ws://127.0.0.1:52072/devtools/browser/9e4e1d50-4a1f-4dd5-9210-e520203921a7
JavaScript warning: https://pagead2.googlesyndication.com/bg/Pa3FQa1Op-rzsgWzdRk_U6cBB6Aivrii6CE4opXgiG0.js line 2 > eval line 3957 > eval line 1 > eval line 1 > eval, line 1: WEBGL_debug_renderer_info is deprecated in Firefox and will be removed. Please use RENDERER.
1676541736471	Marionette	INFO	Stopped listening on port 52079
Dynamically enable window occlusion 1
1676545721231	geckodriver	INFO	Listening on 127.0.0.1:54549
1676545724300	mozrunner::runner	INFO	Running command: "C:\\Program Files\\Mozilla Firefox\\firefox.exe" "--marionette" "--remote-debugging-port" "54550" "--remote-allow-hosts" "localhost" "-no-remote" "-profile" "C:\\Users\\Anirbaan\\AppData\\Local\\Temp\\rust_mozprofileHTZZSP"
1676545725184	Marionette	INFO	Marionette enabled
Dynamically enable window occlusion 0
1676545725195	Marionette	INFO	Listening on port 54585
Read port: 54585
WebDriver BiDi listening on ws://127.0.0.1:54550
1676545725615	RemoteAgent	WARN	TLS certificate errors will be ignored for this session
console.warn: SearchSettings: "get: No settings file exists, new profile?" (new NotFoundError("Could not open the file at C:\\Users\\Anirbaan\\AppData\\Local\\Temp\\rust_mozprofileHTZZSP\\search.json.mozlz4", (void 0)))
DevTools listening on ws://127.0.0.1:54550/devtools/browser/d70d712f-a7a5-46c9-89b4-2b900bb21c0d
JavaScript error: , line 0: uncaught exception: Object
JavaScript warning: https://tgtag.io/tg.js?pid=tg-g-004174-001, line 1: WEBGL_debug_renderer_info is deprecated in Firefox and will be removed. Please use RENDERER.
JavaScript warning: https://tgtag.io/tg.js?pid=tg-g-004174-001, line 1: WebGL context was lost.
JavaScript error: , line 0: uncaught exception: Object
JavaScript warning: https://tgtag.io/tg.js?pid=tg-g-004174-001, line 1: WEBGL_debug_renderer_info is deprecated in Firefox and will be removed. Please use RENDERER.
JavaScript warning: https://tgtag.io/tg.js?pid=tg-g-004174-001, line 1: WebGL context was lost.
1676545917391	geckodriver	INFO	Listening on 127.0.0.1:54895
1676545920416	mozrunner::runner	INFO	Running command: "C:\\Program Files\\Mozilla Firefox\\firefox.exe" "--marionette" "--remote-debugging-port" "54896" "--remote-allow-hosts" "localhost" "-no-remote" "-profile" "C:\\Users\\Anirbaan\\AppData\\Local\\Temp\\rust_mozprofileZfh6x2"
1676545921020	Marionette	INFO	Marionette enabled
Dynamically enable window occlusion 0
1676545921029	Marionette	INFO	Listening on port 54904
Read port: 54904
WebDriver BiDi listening on ws://127.0.0.1:54896
1676545921408	RemoteAgent	WARN	TLS certificate errors will be ignored for this session
console.warn: SearchSettings: "get: No settings file exists, new profile?" (new NotFoundError("Could not open the file at C:\\Users\\Anirbaan\\AppData\\Local\\Temp\\rust_mozprofileZfh6x2\\search.json.mozlz4", (void 0)))
DevTools listening on ws://127.0.0.1:54896/devtools/browser/65026a91-1ede-435b-aefb-8e143d83ad42
JavaScript error: , line 0: uncaught exception: Object
JavaScript warning: https://tgtag.io/tg.js?pid=tg-g-004174-001, line 1: WEBGL_debug_renderer_info is deprecated in Firefox and will be removed. Please use RENDERER.
JavaScript warning: https://tgtag.io/tg.js?pid=tg-g-004174-001, line 1: WebGL context was lost.
1676545952618	geckodriver	INFO	Listening on 127.0.0.1:55048
1676545955673	mozrunner::runner	INFO	Running command: "C:\\Program Files\\Mozilla Firefox\\firefox.exe" "--marionette" "--remote-debugging-port" "55049" "--remote-allow-hosts" "localhost" "-no-remote" "-profile" "C:\\Users\\Anirbaan\\AppData\\Local\\Temp\\rust_mozprofileAhkueo"
1676545956373	Marionette	INFO	Marionette enabled
Dynamically enable window occlusion 0
1676545956382	Marionette	INFO	Listening on port 55059
Read port: 55059
WebDriver BiDi listening on ws://127.0.0.1:55049
1676545956759	RemoteAgent	WARN	TLS certificate errors will be ignored for this session
console.warn: SearchSettings: "get: No settings file exists, new profile?" (new NotFoundError("Could not open the file at C:\\Users\\Anirbaan\\AppData\\Local\\Temp\\rust_mozprofileAhkueo\\search.json.mozlz4", (void 0)))
DevTools listening on ws://127.0.0.1:55049/devtools/browser/0900bcfd-e866-4308-a249-381c0528a3a3
JavaScript error: , line 0: uncaught exception: Object
JavaScript warning: https://tgtag.io/tg.js?pid=tg-g-004174-001, line 1: WEBGL_debug_renderer_info is deprecated in Firefox and will be removed. Please use RENDERER.
JavaScript warning: https://tgtag.io/tg.js?pid=tg-g-004174-001, line 1: WebGL context was lost.
1676546274982	geckodriver	INFO	Listening on 127.0.0.1:55511
1676546278036	mozrunner::runner	INFO	Running command: "C:\\Program Files\\Mozilla Firefox\\firefox.exe" "--marionette" "--remote-debugging-port" "55512" "--remote-allow-hosts" "localhost" "-no-remote" "-profile" "C:\\Users\\Anirbaan\\AppData\\Local\\Temp\\rust_mozprofilezy58DT"
1676546278851	Marionette	INFO	Marionette enabled
Dynamically enable window occlusion 0
1676546278861	Marionette	INFO	Listening on port 55544
Read port: 55544
WebDriver BiDi listening on ws://127.0.0.1:55512
1676546279239	RemoteAgent	WARN	TLS certificate errors will be ignored for this session
console.warn: SearchSettings: "get: No settings file exists, new profile?" (new NotFoundError("Could not open the file at C:\\Users\\Anirbaan\\AppData\\Local\\Temp\\rust_mozprofilezy58DT\\search.json.mozlz4", (void 0)))
DevTools listening on ws://127.0.0.1:55512/devtools/browser/d9b3c7ee-1a90-47cb-b2de-0f9e2c09f227
JavaScript error: , line 0: uncaught exception: Object
JavaScript warning: https://tgtag.io/tg.js?pid=tg-g-004174-001, line 1: WEBGL_debug_renderer_info is deprecated in Firefox and will be removed. Please use RENDERER.
JavaScript warning: https://tgtag.io/tg.js?pid=tg-g-004174-001, line 1: WebGL context was lost.
Marionette threw an error: NotFoundError: WindowGlobalParent.getActor: No such JSWindowActor 'MarionetteCommands'
getMarionetteCommandsActorProxy/get/<@chrome://remote/content/marionette/actors/MarionetteCommandsParent.sys.mjs:325:65
unregisterCommandsActor@chrome://remote/content/marionette/actors/MarionetteCommandsParent.sys.mjs:396:15
GeckoDriver.prototype.deleteSession@chrome://remote/content/marionette/driver.sys.mjs:2277:8
onClosed@chrome://remote/content/marionette/server.sys.mjs:206:17
close@chrome://remote/content/marionette/transport.sys.mjs:217:18
onInputStreamReady@chrome://remote/content/marionette/transport.sys.mjs:371:14

console.error: "Marionette threw an error: NotFoundError: WindowGlobalParent.getActor: No such JSWindowActor 'MarionetteCommands'\ngetMarionetteCommandsActorProxy/get/<@chrome://remote/content/marionette/actors/MarionetteCommandsParent.sys.mjs:325:65\nunregisterCommandsActor@chrome://remote/content/marionette/actors/MarionetteCommandsParent.sys.mjs:396:15\nGeckoDriver.prototype.deleteSession@chrome://remote/content/marionette/driver.sys.mjs:2277:8\nonClosed@chrome://remote/content/marionette/server.sys.mjs:206:17\nclose@chrome://remote/content/marionette/transport.sys.mjs:217:18\nonInputStreamReady@chrome://remote/content/marionette/transport.sys.mjs:371:14\n"
1676546403195	geckodriver	INFO	Listening on 127.0.0.1:55815
1676546406278	mozrunner::runner	INFO	Running command: "C:\\Program Files\\Mozilla Firefox\\firefox.exe" "--marionette" "--remote-debugging-port" "55816" "--remote-allow-hosts" "localhost" "-no-remote" "-profile" "C:\\Users\\Anirbaan\\AppData\\Local\\Temp\\rust_mozprofileFEJBKR"
1676546407013	Marionette	INFO	Marionette enabled
Dynamically enable window occlusion 0
1676546407022	Marionette	INFO	Listening on port 55828
Read port: 55828
WebDriver BiDi listening on ws://127.0.0.1:55816
1676546407405	RemoteAgent	WARN	TLS certificate errors will be ignored for this session
console.warn: SearchSettings: "get: No settings file exists, new profile?" (new NotFoundError("Could not open the file at C:\\Users\\Anirbaan\\AppData\\Local\\Temp\\rust_mozprofileFEJBKR\\search.json.mozlz4", (void 0)))
DevTools listening on ws://127.0.0.1:55816/devtools/browser/8964680f-c338-41c4-b3c5-900b09539dbe
JavaScript error: , line 0: uncaught exception: Object
1676546440137	geckodriver	INFO	Listening on 127.0.0.1:55951
1676546443199	mozrunner::runner	INFO	Running command: "C:\\Program Files\\Mozilla Firefox\\firefox.exe" "--marionette" "--remote-debugging-port" "55952" "--remote-allow-hosts" "localhost" "-no-remote" "-profile" "C:\\Users\\Anirbaan\\AppData\\Local\\Temp\\rust_mozprofileqIQ6AS"
1676546443955	Marionette	INFO	Marionette enabled
Dynamically enable window occlusion 0
1676546443965	Marionette	INFO	Listening on port 55961
Read port: 
1676546443966	geckodriver::browser	WARN	Failed fo convert  to u16
Read port: 55961
WebDriver BiDi listening on ws://127.0.0.1:55952
1676546444375	RemoteAgent	WARN	TLS certificate errors will be ignored for this session
console.warn: SearchSettings: "get: No settings file exists, new profile?" (new NotFoundError("Could not open the file at C:\\Users\\Anirbaan\\AppData\\Local\\Temp\\rust_mozprofileqIQ6AS\\search.json.mozlz4", (void 0)))
DevTools listening on ws://127.0.0.1:55952/devtools/browser/4d341959-aec0-44e7-b786-66787d82a6b4
1676546451465	Marionette	INFO	Stopped listening on port 55961
Dynamically enable window occlusion 1
WARNING: A blocker encountered an error while we were waiting.
          Blocker:  Waiting for ping task
          Phase: TelemetryController: Waiting for pending ping activity
          State: (none)
WARNING: Error: Phase "profile-before-change" is finished, it is too late to register completion condition "OS.File: flush I/O queued before profileBeforeChange"
WARNING: addBlocker@resource://gre/modules/AsyncShutdown.jsm:718:15
addBlocker@resource://gre/modules/AsyncShutdown.jsm:523:26
addBlocker@resource://gre/modules/AsyncShutdown.jsm:462:15
setupShutdown@resource://gre/modules/osfile/osfile_async_front.jsm:1548:28
@resource://gre/modules/osfile/osfile_async_front.jsm:1568:16
@resource://gre/modules/osfile.jsm:12:30
@resource://gre/modules/TelemetryStorage.jsm:19:28
promiseArchivePing@resource://gre/modules/TelemetryArchive.jsm:103:5
promiseArchivePing@resource://gre/modules/TelemetryArchive.jsm:63:33
_submitPingLogic@resource://gre/modules/TelemetryControllerParent.jsm:540:48
send@resource://gre/modules/TelemetryControllerParent.jsm:628:24
submitExternalPing@resource://gre/modules/TelemetryControllerParent.jsm:182:17
sendPing@resource://gre/modules/EventPing.jsm:51:30
_submitPing@resource://gre/modules/EventPing.jsm:229:12
shutdown@resource://gre/modules/EventPing.jsm:112:10
_cleanupOnShutdown@resource://gre/modules/TelemetryControllerParent.jsm:940:31
shutdown/<@resource://gre/modules/TelemetryControllerParent.jsm:1010:24
observe@resource://gre/modules/AsyncShutdown.jsm:572:16

WARNING: A blocker encountered an error while we were waiting.
          Blocker:  Waiting for ping task
          Phase: TelemetryController: Waiting for pending ping activity
          State: (none)
WARNING: Error: Phase "profile-before-change" is finished, it is too late to register completion condition "OS.File: flush I/O queued before profileBeforeChange"
WARNING: addBlocker@resource://gre/modules/AsyncShutdown.jsm:718:15
addBlocker@resource://gre/modules/AsyncShutdown.jsm:523:26
addBlocker@resource://gre/modules/AsyncShutdown.jsm:462:15
setupShutdown@resource://gre/modules/osfile/osfile_async_front.jsm:1548:28
@resource://gre/modules/osfile/osfile_async_front.jsm:1568:16
@resource://gre/modules/osfile.jsm:12:30
@resource://gre/modules/TelemetryStorage.jsm:19:28
promiseArchivePing@resource://gre/modules/TelemetryArchive.jsm:103:5
promiseArchivePing@resource://gre/modules/TelemetryArchive.jsm:63:33
_submitPingLogic@resource://gre/modules/TelemetryControllerParent.jsm:540:48
send@resource://gre/modules/TelemetryControllerParent.jsm:628:24
submitExternalPing@resource://gre/modules/TelemetryControllerParent.jsm:182:17
saveShutdownPings@resource://gre/modules/TelemetrySession.jsm:982:34
shutdownChromeProcess/cleanup/<@resource://gre/modules/TelemetrySession.jsm:1232:20
cleanup@resource://gre/modules/TelemetrySession.jsm:1239:9
shutdownChromeProcess@resource://gre/modules/TelemetrySession.jsm:1256:14
shutdown@resource://gre/modules/TelemetrySession.jsm:247:17
_cleanupOnShutdown@resource://gre/modules/TelemetryControllerParent.jsm:959:35
observe@resource://gre/modules/AsyncShutdown.jsm:572:16

WARNING: A blocker encountered an error while we were waiting.
          Blocker:  Waiting for ping task
          Phase: TelemetryController: Waiting for pending ping activity
          State: (none)
WARNING: Error: Phase "profile-before-change" is finished, it is too late to register completion condition "OS.File: flush I/O queued before profileBeforeChange"
WARNING: addBlocker@resource://gre/modules/AsyncShutdown.jsm:718:15
addBlocker@resource://gre/modules/AsyncShutdown.jsm:523:26
addBlocker@resource://gre/modules/AsyncShutdown.jsm:462:15
setupShutdown@resource://gre/modules/osfile/osfile_async_front.jsm:1548:28
@resource://gre/modules/osfile/osfile_async_front.jsm:1568:16
@resource://gre/modules/osfile.jsm:12:30
@resource://gre/modules/TelemetryStorage.jsm:19:28
promiseArchivePing@resource://gre/modules/TelemetryArchive.jsm:103:5
promiseArchivePing@resource://gre/modules/TelemetryArchive.jsm:63:33
_submitPingLogic@resource://gre/modules/TelemetryControllerParent.jsm:540:48
send@resource://gre/modules/TelemetryControllerParent.jsm:628:24
submitExternalPing@resource://gre/modules/TelemetryControllerParent.jsm:182:17
saveShutdownPings@resource://gre/modules/TelemetrySession.jsm:1014:36
shutdownChromeProcess/cleanup/<@resource://gre/modules/TelemetrySession.jsm:1232:20
cleanup@resource://gre/modules/TelemetrySession.jsm:1239:9
shutdownChromeProcess@resource://gre/modules/TelemetrySession.jsm:1256:14
shutdown@resource://gre/modules/TelemetrySession.jsm:247:17
_cleanupOnShutdown@resource://gre/modules/TelemetryControllerParent.jsm:959:35
observe@resource://gre/modules/AsyncShutdown.jsm:572:16

WARNING: A blocker encountered an error while we were waiting.
          Blocker:  TelemetryController: shutting down
          Phase: profile-before-change-telemetry
          State: Error getting state: Error: Phase "profile-before-change" is finished, it is too late to register completion condition "OS.File: flush I/O queued before profileBeforeChange" at addBlocker@resource://gre/modules/AsyncShutdown.jsm:718:15
addBlocker@resource://gre/modules/AsyncShutdown.jsm:523:26
addBlocker@resource://gre/modules/AsyncShutdown.jsm:462:15
setupShutdown@resource://gre/modules/osfile/osfile_async_front.jsm:1548:28
@resource://gre/modules/osfile/osfile_async_front.jsm:1568:16
@resource://gre/modules/osfile.jsm:12:30
@resource://gre/modules/TelemetryStorage.jsm:19:28
getShutdownState@resource://gre/modules/TelemetrySend.jsm:1692:7
getShutdownState@resource://gre/modules/TelemetrySend.jsm:374:30
_getState@resource://gre/modules/TelemetryControllerParent.jsm:1058:38
setupTelemetry/<@resource://gre/modules/TelemetryControllerParent.jsm:917:18
safeGetState@resource://gre/modules/AsyncShutdown.jsm:254:17
Barrier/_internalAddBlocker/promise<@resource://gre/modules/AsyncShutdown.jsm:773:20
observe@resource://gre/modules/AsyncShutdown.jsm:572:16

WARNING: Error: Phase "profile-before-change" is finished, it is too late to register completion condition "OS.File: flush I/O queued before profileBeforeChange"
WARNING: addBlocker@resource://gre/modules/AsyncShutdown.jsm:718:15
addBlocker@resource://gre/modules/AsyncShutdown.jsm:523:26
addBlocker@resource://gre/modules/AsyncShutdown.jsm:462:15
setupShutdown@resource://gre/modules/osfile/osfile_async_front.jsm:1548:28
@resource://gre/modules/osfile/osfile_async_front.jsm:1568:16
@resource://gre/modules/osfile.jsm:12:30
@resource://gre/modules/TelemetryStorage.jsm:19:28
removeAbortedSessionPing@resource://gre/modules/TelemetryControllerParent.jsm:721:5
removeAbortedSessionPing@resource://gre/modules/TelemetryControllerParent.jsm:249:17
shutdownChromeProcess/cleanup/<@resource://gre/modules/TelemetrySession.jsm:1235:42
observe@resource://gre/modules/AsyncShutdown.jsm:572:16

JavaScript error: resource://gre/modules/AsyncShutdown.jsm, line 718: Error: Phase "profile-before-change" is finished, it is too late to register completion condition "OS.File: flush I/O queued before profileBeforeChange"
JavaScript error: resource://gre/modules/AsyncShutdown.jsm, line 718: Error: Phase "profile-before-change" is finished, it is too late to register completion condition "OS.File: flush I/O queued before profileBeforeChange"
JavaScript error: resource://gre/modules/AsyncShutdown.jsm, line 718: Error: Phase "profile-before-change" is finished, it is too late to register completion condition "OS.File: flush I/O queued before profileBeforeChange"
JavaScript error: resource://gre/modules/AsyncShutdown.jsm, line 718: Error: Phase "profile-before-change" is finished, it is too late to register completion condition "OS.File: flush I/O queued before profileBeforeChange"
JavaScript error: resource://gre/modules/AsyncShutdown.jsm, line 718: Error: Phase "profile-before-change" is finished, it is too late to register completion condition "OS.File: flush I/O queued before profileBeforeChange"
JavaScript error: resource://gre/modules/AsyncShutdown.jsm, line 718: Error: Phase "profile-before-change" is finished, it is too late to register completion condition "OS.File: flush I/O queued before profileBeforeChange"
1676546502278	geckodriver	INFO	Listening on 127.0.0.1:56044
1676546505347	mozrunner::runner	INFO	Running command: "C:\\Program Files\\Mozilla Firefox\\firefox.exe" "--marionette" "--remote-debugging-port" "56045" "--remote-allow-hosts" "localhost" "-no-remote" "-profile" "C:\\Users\\Anirbaan\\AppData\\Local\\Temp\\rust_mozprofilejphwl2"
1676546505997	Marionette	INFO	Marionette enabled
Dynamically enable window occlusion 0
1676546506008	Marionette	INFO	Listening on port 56054
Read port: 56054
WebDriver BiDi listening on ws://127.0.0.1:56045
1676546506409	RemoteAgent	WARN	TLS certificate errors will be ignored for this session
console.warn: SearchSettings: "get: No settings file exists, new profile?" (new NotFoundError("Could not open the file at C:\\Users\\Anirbaan\\AppData\\Local\\Temp\\rust_mozprofilejphwl2\\search.json.mozlz4", (void 0)))
DevTools listening on ws://127.0.0.1:56045/devtools/browser/1ea069ca-ca24-4a09-9a37-682d49c7f8c5
JavaScript error: , line 0: uncaught exception: Object
JavaScript warning: https://tgtag.io/tg.js?pid=tg-g-004174-001, line 1: WEBGL_debug_renderer_info is deprecated in Firefox and will be removed. Please use RENDERER.
JavaScript warning: https://tgtag.io/tg.js?pid=tg-g-004174-001, line 1: WebGL context was lost.
1676546664982	geckodriver	INFO	Listening on 127.0.0.1:56252
1676546668060	mozrunner::runner	INFO	Running command: "C:\\Program Files\\Mozilla Firefox\\firefox.exe" "--marionette" "--remote-debugging-port" "56253" "--remote-allow-hosts" "localhost" "-no-remote" "-profile" "C:\\Users\\Anirbaan\\AppData\\Local\\Temp\\rust_mozprofileXgJvgi"
1676546668669	Marionette	INFO	Marionette enabled
Dynamically enable window occlusion 0
1676546668678	Marionette	INFO	Listening on port 56287
Read port: 56287
WebDriver BiDi listening on ws://127.0.0.1:56253
1676546669236	RemoteAgent	WARN	TLS certificate errors will be ignored for this session
console.warn: SearchSettings: "get: No settings file exists, new profile?" (new NotFoundError("Could not open the file at C:\\Users\\Anirbaan\\AppData\\Local\\Temp\\rust_mozprofileXgJvgi\\search.json.mozlz4", (void 0)))
DevTools listening on ws://127.0.0.1:56253/devtools/browser/0d0d4919-dbc2-4c02-8d8a-288870c6609e
JavaScript error: , line 0: uncaught exception: Object
JavaScript warning: https://tgtag.io/tg.js?pid=tg-g-004174-001, line 1: WEBGL_debug_renderer_info is deprecated in Firefox and will be removed. Please use RENDERER.
JavaScript warning: https://tgtag.io/tg.js?pid=tg-g-004174-001, line 1: WebGL context was lost.
1676547034118	geckodriver	INFO	Listening on 127.0.0.1:56634
1676547037193	mozrunner::runner	INFO	Running command: "C:\\Program Files\\Mozilla Firefox\\firefox.exe" "--marionette" "--remote-debugging-port" "56635" "--remote-allow-hosts" "localhost" "-no-remote" "-profile" "C:\\Users\\Anirbaan\\AppData\\Local\\Temp\\rust_mozprofileuFqBCC"
1676547037793	Marionette	INFO	Marionette enabled
Dynamically enable window occlusion 0
1676547037804	Marionette	INFO	Listening on port 56670
Read port: 56670
WebDriver BiDi listening on ws://127.0.0.1:56635
1676547038197	RemoteAgent	WARN	TLS certificate errors will be ignored for this session
console.warn: SearchSettings: "get: No settings file exists, new profile?" (new NotFoundError("Could not open the file at C:\\Users\\Anirbaan\\AppData\\Local\\Temp\\rust_mozprofileuFqBCC\\search.json.mozlz4", (void 0)))
DevTools listening on ws://127.0.0.1:56635/devtools/browser/ed6890af-e5a9-4cd4-82b7-ae26ae1d0d53
JavaScript error: , line 0: uncaught exception: Object
JavaScript warning: https://tgtag.io/tg.js?pid=tg-g-004174-001, line 1: WEBGL_debug_renderer_info is deprecated in Firefox and will be removed. Please use RENDERER.
JavaScript warning: https://tgtag.io/tg.js?pid=tg-g-004174-001, line 1: WebGL context was lost.
>>>>>>> fad0fe65e8e21d8c57cb1108d4f268217bc8f5d8
1676548199868	geckodriver	INFO	Listening on 127.0.0.1:53738
1676982564412	geckodriver	INFO	Listening on 127.0.0.1:49488
1677227321092	geckodriver	INFO	Listening on 127.0.0.1:51595
1677227324168	mozrunner::runner	INFO	Running command: "C:\\Program Files\\Mozilla Firefox\\firefox.exe" "--marionette" "--headless" "--remote-debugging-port" "515 ... 6" "--remote-allow-hosts" "localhost" "-no-remote" "-profile" "C:\\Users\\pgk29\\AppData\\Local\\Temp\\rust_mozprofileW7m1KV"
*** You are running in headless mode.
console.warn: services.settings: Ignoring preference override of remote settings server
console.warn: services.settings: Allow by setting MOZ_REMOTE_SETTINGS_DEVTOOLS=1 in the environment
1677227325409	Marionette	INFO	Marionette enabled
Dynamically enable window occlusion 0
1677227325421	Marionette	INFO	Listening on port 51605
Read port: 51605
WebDriver BiDi listening on ws://127.0.0.1:51596
1677227325705	RemoteAgent	WARN	TLS certificate errors will be ignored for this session
[GFX1-]: RenderCompositorSWGL failed mapping default framebuffer, no dt
console.warn: SearchSettings: "get: No settings file exists, new profile?" (new NotFoundError("Could not open the file at C:\\Users\\pgk29\\AppData\\Local\\Temp\\rust_mozprofileW7m1KV\\search.json.mozlz4", (void 0)))
console.error: ({})
DevTools listening on ws://127.0.0.1:51596/devtools/browser/fff119ae-42e0-4d84-871d-1edde49bccf6
console.error: ({})
JavaScript warning: https://pagead2.googlesyndication.com/bg/tZsXipaSZXHHcL3TzAhvrOIdSpwDyJfWMGTb_6xT6xM.js line 2 > eval line 3861 > eval line 1 > eval line 1 > eval, line 1: WEBGL_debug_renderer_info is deprecated in Firefox and will be removed. Please use RENDERER.
1677227343750	geckodriver	INFO	Listening on 127.0.0.1:51714
1677227346819	mozrunner::runner	INFO	Running command: "C:\\Program Files\\Mozilla Firefox\\firefox.exe" "--marionette" "--headless" "--remote-debugging-port" "517 ... 5" "--remote-allow-hosts" "localhost" "-no-remote" "-profile" "C:\\Users\\pgk29\\AppData\\Local\\Temp\\rust_mozprofile43PeP9"
*** You are running in headless mode.
console.warn: services.settings: Ignoring preference override of remote settings server
console.warn: services.settings: Allow by setting MOZ_REMOTE_SETTINGS_DEVTOOLS=1 in the environment
1677227347926	Marionette	INFO	Marionette enabled
Dynamically enable window occlusion 0
1677227347936	Marionette	INFO	Listening on port 51724
Read port: 51724
WebDriver BiDi listening on ws://127.0.0.1:51715
1677227348186	RemoteAgent	WARN	TLS certificate errors will be ignored for this session
[GFX1-]: RenderCompositorSWGL failed mapping default framebuffer, no dt
console.warn: SearchSettings: "get: No settings file exists, new profile?" (new NotFoundError("Could not open the file at C:\\Users\\pgk29\\AppData\\Local\\Temp\\rust_mozprofile43PeP9\\search.json.mozlz4", (void 0)))
console.error: ({})
DevTools listening on ws://127.0.0.1:51715/devtools/browser/c4cdcbe2-7e1d-4812-8412-032827351392
console.error: ({})
JavaScript warning: https://pagead2.googlesyndication.com/bg/tZsXipaSZXHHcL3TzAhvrOIdSpwDyJfWMGTb_6xT6xM.js line 2 > eval line 6336 > eval line 1 > eval line 1 > eval, line 1: WEBGL_debug_renderer_info is deprecated in Firefox and will be removed. Please use RENDERER.
JavaScript warning: https://pagead2.googlesyndication.com/bg/tZsXipaSZXHHcL3TzAhvrOIdSpwDyJfWMGTb_6xT6xM.js line 2 > eval line 5291 > eval line 1 > eval line 1 > eval, line 1: WEBGL_debug_renderer_info is deprecated in Firefox and will be removed. Please use RENDERER.
JavaScript warning: https://pagead2.googlesyndication.com/bg/tZsXipaSZXHHcL3TzAhvrOIdSpwDyJfWMGTb_6xT6xM.js line 2 > eval line 4684 > eval line 1 > eval line 1 > eval, line 1: WEBGL_debug_renderer_info is deprecated in Firefox and will be removed. Please use RENDERER.
JavaScript warning: https://pagead2.googlesyndication.com/bg/tZsXipaSZXHHcL3TzAhvrOIdSpwDyJfWMGTb_6xT6xM.js line 2 > eval line 2504 > eval line 1 > eval line 1 > eval, line 1: WEBGL_debug_renderer_info is deprecated in Firefox and will be removed. Please use RENDERER.
console.warn: LoginRecipes: "Falling back to a synchronous message for: https://orangebookvalue.com."
JavaScript error: resource://gre/modules/XULStore.jsm, line 58: Error: Can't find profile directory.
JavaScript error: resource://gre/modules/XULStore.jsm, line 58: Error: Can't find profile directory.
JavaScript error: , line 0: TypeError: NetworkError when attempting to fetch resource.
JavaScript error: , line 0: TypeError: NetworkError when attempting to fetch resource.
JavaScript error: , line 0: TypeError: NetworkError when attempting to fetch resource.
JavaScript error: , line 0: TypeError: NetworkError when attempting to fetch resource.
console.error: ({})
JavaScript warning: https://pagead2.googlesyndication.com/bg/tZsXipaSZXHHcL3TzAhvrOIdSpwDyJfWMGTb_6xT6xM.js line 2 > eval line 1516 > eval line 1 > eval line 1 > eval, line 1: WEBGL_debug_renderer_info is deprecated in Firefox and will be removed. Please use RENDERER.
JavaScript warning: https://pagead2.googlesyndication.com/bg/tZsXipaSZXHHcL3TzAhvrOIdSpwDyJfWMGTb_6xT6xM.js line 2 > eval line 6222 > eval line 1 > eval line 1 > eval, line 1: WEBGL_debug_renderer_info is deprecated in Firefox and will be removed. Please use RENDERER.
JavaScript warning: https://pagead2.googlesyndication.com/bg/tZsXipaSZXHHcL3TzAhvrOIdSpwDyJfWMGTb_6xT6xM.js line 2 > eval line 4345 > eval line 1 > eval line 1 > eval, line 1: WEBGL_debug_renderer_info is deprecated in Firefox and will be removed. Please use RENDERER.
JavaScript warning: https://pagead2.googlesyndication.com/bg/tZsXipaSZXHHcL3TzAhvrOIdSpwDyJfWMGTb_6xT6xM.js line 2 > eval line 5269 > eval line 1 > eval line 1 > eval, line 1: WEBGL_debug_renderer_info is deprecated in Firefox and will be removed. Please use RENDERER.
JavaScript warning: https://pagead2.googlesyndication.com/bg/tZsXipaSZXHHcL3TzAhvrOIdSpwDyJfWMGTb_6xT6xM.js line 2 > eval line 4546 > eval line 1 > eval line 1 > eval, line 1: WEBGL_debug_renderer_info is deprecated in Firefox and will be removed. Please use RENDERER.
JavaScript warning: https://pagead2.googlesyndication.com/bg/tZsXipaSZXHHcL3TzAhvrOIdSpwDyJfWMGTb_6xT6xM.js line 2 > eval line 2457 > eval line 1 > eval line 1 > eval, line 1: WEBGL_debug_renderer_info is deprecated in Firefox and will be removed. Please use RENDERER.
JavaScript warning: https://pagead2.googlesyndication.com/bg/tZsXipaSZXHHcL3TzAhvrOIdSpwDyJfWMGTb_6xT6xM.js line 2 > eval line 2483 > eval line 1 > eval line 1 > eval, line 1: WEBGL_debug_renderer_info is deprecated in Firefox and will be removed. Please use RENDERER.
JavaScript warning: https://pagead2.googlesyndication.com/bg/tZsXipaSZXHHcL3TzAhvrOIdSpwDyJfWMGTb_6xT6xM.js line 2 > eval line 7187 > eval line 1 > eval line 1 > eval, line 1: WEBGL_debug_renderer_info is deprecated in Firefox and will be removed. Please use RENDERER.
1677227374468	Marionette	INFO	Stopped listening on port 51724
JavaScript warning: https://pagead2.googlesyndication.com/bg/tZsXipaSZXHHcL3TzAhvrOIdSpwDyJfWMGTb_6xT6xM.js line 2 > eval line 4362 > eval line 1 > eval line 1 > eval, line 1: WEBGL_debug_renderer_info is deprecated in Firefox and will be removed. Please use RENDERER.
Dynamically enable window occlusion 1
1677235966502	geckodriver	INFO	Listening on 127.0.0.1:52128
1677235969579	mozrunner::runner	INFO	Running command: "C:\\Program Files\\Mozilla Firefox\\firefox.exe" "--marionette" "--headless" "--remote-debugging-port" "521 ... 9" "--remote-allow-hosts" "localhost" "-no-remote" "-profile" "C:\\Users\\pgk29\\AppData\\Local\\Temp\\rust_mozprofileAwRnQP"
*** You are running in headless mode.
console.warn: services.settings: Ignoring preference override of remote settings server
console.warn: services.settings: Allow by setting MOZ_REMOTE_SETTINGS_DEVTOOLS=1 in the environment
1677235970197	Marionette	INFO	Marionette enabled
Dynamically enable window occlusion 0
1677235970204	Marionette	INFO	Listening on port 52136
Read port: 52136
WebDriver BiDi listening on ws://127.0.0.1:52129
1677235970410	RemoteAgent	WARN	TLS certificate errors will be ignored for this session
console.error: Region.sys.mjs: "Error fetching region" (new TypeError("NetworkError when attempting to fetch resource.", ""))
console.error: Region.sys.mjs: "Failed to fetch region" (new Error("NO_RESULT", "resource://gre/modules/Region.sys.mjs", 416))
[GFX1-]: RenderCompositorSWGL failed mapping default framebuffer, no dt
console.warn: SearchSettings: "get: No settings file exists, new profile?" (new NotFoundError("Could not open the file at C:\\Users\\pgk29\\AppData\\Local\\Temp\\rust_mozprofileAwRnQP\\search.json.mozlz4", (void 0)))
console.error: (new TypeError("NetworkError: Network request failed", "resource://services-settings/Utils.jsm", 237))
console.error: ({})
DevTools listening on ws://127.0.0.1:52129/devtools/browser/0b9cfd90-e1bc-4feb-a4b9-93792936cfb1
1677235972475	Marionette	WARN	Ignoring event 'pageshow' because document has an invalid readyState of 'uninitialized'.
1677236004365	geckodriver	INFO	Listening on 127.0.0.1:52148
1677236007452	mozrunner::runner	INFO	Running command: "C:\\Program Files\\Mozilla Firefox\\firefox.exe" "--marionette" "--headless" "--remote-debugging-port" "521 ... 9" "--remote-allow-hosts" "localhost" "-no-remote" "-profile" "C:\\Users\\pgk29\\AppData\\Local\\Temp\\rust_mozprofile5q86CY"
*** You are running in headless mode.
console.warn: services.settings: Ignoring preference override of remote settings server
console.warn: services.settings: Allow by setting MOZ_REMOTE_SETTINGS_DEVTOOLS=1 in the environment
1677236008100	Marionette	INFO	Marionette enabled
Dynamically enable window occlusion 0
1677236008109	Marionette	INFO	Listening on port 52156
Read port: 52156
WebDriver BiDi listening on ws://127.0.0.1:52149
1677236008277	RemoteAgent	WARN	TLS certificate errors will be ignored for this session
console.error: Region.sys.mjs: "Error fetching region" (new TypeError("NetworkError when attempting to fetch resource.", ""))
console.error: Region.sys.mjs: "Failed to fetch region" (new Error("NO_RESULT", "resource://gre/modules/Region.sys.mjs", 416))
[GFX1-]: RenderCompositorSWGL failed mapping default framebuffer, no dt
console.warn: SearchSettings: "get: No settings file exists, new profile?" (new NotFoundError("Could not open the file at C:\\Users\\pgk29\\AppData\\Local\\Temp\\rust_mozprofile5q86CY\\search.json.mozlz4", (void 0)))
console.error: (new TypeError("NetworkError: Network request failed", "resource://services-settings/Utils.jsm", 237))
console.error: ({})
DevTools listening on ws://127.0.0.1:52149/devtools/browser/b648dc1f-3f3a-4168-a17a-e504b7e3e512
1677236009961	Marionette	WARN	Ignoring event 'pageshow' because document has an invalid readyState of 'uninitialized'.
1677236022245	geckodriver	INFO	Listening on 127.0.0.1:52185
1677236025328	mozrunner::runner	INFO	Running command: "C:\\Program Files\\Mozilla Firefox\\firefox.exe" "--marionette" "--headless" "--remote-debugging-port" "521 ... 6" "--remote-allow-hosts" "localhost" "-no-remote" "-profile" "C:\\Users\\pgk29\\AppData\\Local\\Temp\\rust_mozprofileydCMzf"
*** You are running in headless mode.
console.warn: services.settings: Ignoring preference override of remote settings server
console.warn: services.settings: Allow by setting MOZ_REMOTE_SETTINGS_DEVTOOLS=1 in the environment
1677236026732	Marionette	INFO	Marionette enabled
Dynamically enable window occlusion 0
1677236026753	Marionette	INFO	Listening on port 52198
Read port: 52198
WebDriver BiDi listening on ws://127.0.0.1:52186
1677236027143	RemoteAgent	WARN	TLS certificate errors will be ignored for this session
[GFX1-]: RenderCompositorSWGL failed mapping default framebuffer, no dt
console.warn: SearchSettings: "get: No settings file exists, new profile?" (new NotFoundError("Could not open the file at C:\\Users\\pgk29\\AppData\\Local\\Temp\\rust_mozprofileydCMzf\\search.json.mozlz4", (void 0)))
console.error: ({})
DevTools listening on ws://127.0.0.1:52186/devtools/browser/1ee2f8be-f67f-47df-8035-5ed574fd244f
1677236045700	geckodriver	INFO	Listening on 127.0.0.1:52256
1677236048760	mozrunner::runner	INFO	Running command: "C:\\Program Files\\Mozilla Firefox\\firefox.exe" "--marionette" "--headless" "--remote-debugging-port" "522 ... 7" "--remote-allow-hosts" "localhost" "-no-remote" "-profile" "C:\\Users\\pgk29\\AppData\\Local\\Temp\\rust_mozprofilemaG63O"
*** You are running in headless mode.
console.warn: services.settings: Ignoring preference override of remote settings server
console.warn: services.settings: Allow by setting MOZ_REMOTE_SETTINGS_DEVTOOLS=1 in the environment
1677236049744	Marionette	INFO	Marionette enabled
Dynamically enable window occlusion 0
1677236049751	Marionette	INFO	Listening on port 52273
Read port: 52273
WebDriver BiDi listening on ws://127.0.0.1:52257
1677236049919	RemoteAgent	WARN	TLS certificate errors will be ignored for this session
[GFX1-]: RenderCompositorSWGL failed mapping default framebuffer, no dt
console.warn: SearchSettings: "get: No settings file exists, new profile?" (new NotFoundError("Could not open the file at C:\\Users\\pgk29\\AppData\\Local\\Temp\\rust_mozprofilemaG63O\\search.json.mozlz4", (void 0)))
console.error: ({})
DevTools listening on ws://127.0.0.1:52257/devtools/browser/293e706d-e8dc-43c6-b874-ba786bddfcb3
console.error: Region.sys.mjs: "Error fetching region" (new Error("TIMEOUT", "resource://gre/modules/Region.sys.mjs", 764))
console.error: Region.sys.mjs: "Failed to fetch region" (new Error("TIMEOUT", "resource://gre/modules/Region.sys.mjs", 416))
console.error: ({})
console.error: ({})
1677236133164	geckodriver	INFO	Listening on 127.0.0.1:52351
1677236136209	mozrunner::runner	INFO	Running command: "C:\\Program Files\\Mozilla Firefox\\firefox.exe" "--marionette" "--remote-debugging-port" "52352" "--remote-allow-hosts" "localhost" "-no-remote" "-profile" "C:\\Users\\pgk29\\AppData\\Local\\Temp\\rust_mozprofileTTlhjR"
console.warn: services.settings: Ignoring preference override of remote settings server
console.warn: services.settings: Allow by setting MOZ_REMOTE_SETTINGS_DEVTOOLS=1 in the environment
1677236137111	Marionette	INFO	Marionette enabled
Dynamically enable window occlusion 0
1677236137121	Marionette	INFO	Listening on port 52359
Read port: 52359
WebDriver BiDi listening on ws://127.0.0.1:52352
1677236137313	RemoteAgent	WARN	TLS certificate errors will be ignored for this session
console.warn: SearchSettings: "get: No settings file exists, new profile?" (new NotFoundError("Could not open the file at C:\\Users\\pgk29\\AppData\\Local\\Temp\\rust_mozprofileTTlhjR\\search.json.mozlz4", (void 0)))
DevTools listening on ws://127.0.0.1:52352/devtools/browser/7898567a-63ae-4a78-880c-a7dd0839dc2b
console.error: ({})
1677240347055	geckodriver	INFO	Listening on 127.0.0.1:55350
1677240350138	mozrunner::runner	INFO	Running command: "C:\\Program Files\\Mozilla Firefox\\firefox.exe" "--marionette" "--remote-debugging-port" "55351" "--remote-allow-hosts" "localhost" "-no-remote" "-profile" "C:\\Users\\pgk29\\AppData\\Local\\Temp\\rust_mozprofileUHnMhE"
console.warn: services.settings: Ignoring preference override of remote settings server
console.warn: services.settings: Allow by setting MOZ_REMOTE_SETTINGS_DEVTOOLS=1 in the environment
1677240350591	Marionette	INFO	Marionette enabled
Dynamically enable window occlusion 0
1677240350598	Marionette	INFO	Listening on port 55358
Read port: 55358
WebDriver BiDi listening on ws://127.0.0.1:55351
1677240350765	RemoteAgent	WARN	TLS certificate errors will be ignored for this session
console.warn: SearchSettings: "get: No settings file exists, new profile?" (new NotFoundError("Could not open the file at C:\\Users\\pgk29\\AppData\\Local\\Temp\\rust_mozprofileUHnMhE\\search.json.mozlz4", (void 0)))
DevTools listening on ws://127.0.0.1:55351/devtools/browser/f27b6e30-66ff-4b42-a498-02fcdb5060d6
1677240354423	Marionette	INFO	Stopped listening on port 55358
Dynamically enable window occlusion 1
1677240362733	geckodriver	INFO	Listening on 127.0.0.1:55427
1677240365785	mozrunner::runner	INFO	Running command: "C:\\Program Files\\Mozilla Firefox\\firefox.exe" "--marionette" "--headless" "--remote-debugging-port" "554 ... 8" "--remote-allow-hosts" "localhost" "-no-remote" "-profile" "C:\\Users\\pgk29\\AppData\\Local\\Temp\\rust_mozprofileeUSY3G"
*** You are running in headless mode.
console.warn: services.settings: Ignoring preference override of remote settings server
console.warn: services.settings: Allow by setting MOZ_REMOTE_SETTINGS_DEVTOOLS=1 in the environment
1677240366095	Marionette	INFO	Marionette enabled
Dynamically enable window occlusion 0
1677240366099	Marionette	INFO	Listening on port 55435
Read port: 55435
WebDriver BiDi listening on ws://127.0.0.1:55428
1677240366208	RemoteAgent	WARN	TLS certificate errors will be ignored for this session
[GFX1-]: RenderCompositorSWGL failed mapping default framebuffer, no dt
console.warn: SearchSettings: "get: No settings file exists, new profile?" (new NotFoundError("Could not open the file at C:\\Users\\pgk29\\AppData\\Local\\Temp\\rust_mozprofileeUSY3G\\search.json.mozlz4", (void 0)))
console.error: ({})
DevTools listening on ws://127.0.0.1:55428/devtools/browser/d20878d5-98a0-4f4b-8952-ad943b000173
console.error: ({})
JavaScript warning: https://pagead2.googlesyndication.com/bg/tZsXipaSZXHHcL3TzAhvrOIdSpwDyJfWMGTb_6xT6xM.js line 2 > eval line 3603 > eval line 1 > eval line 1 > eval, line 1: WEBGL_debug_renderer_info is deprecated in Firefox and will be removed. Please use RENDERER.
JavaScript warning: https://pagead2.googlesyndication.com/bg/tZsXipaSZXHHcL3TzAhvrOIdSpwDyJfWMGTb_6xT6xM.js line 2 > eval line 4234 > eval line 1 > eval line 1 > eval, line 1: WEBGL_debug_renderer_info is deprecated in Firefox and will be removed. Please use RENDERER.
JavaScript warning: https://pagead2.googlesyndication.com/bg/tZsXipaSZXHHcL3TzAhvrOIdSpwDyJfWMGTb_6xT6xM.js line 2 > eval line 6553 > eval line 1 > eval line 1 > eval, line 1: WEBGL_debug_renderer_info is deprecated in Firefox and will be removed. Please use RENDERER.
JavaScript warning: https://pagead2.googlesyndication.com/bg/tZsXipaSZXHHcL3TzAhvrOIdSpwDyJfWMGTb_6xT6xM.js line 2 > eval line 2987 > eval line 1 > eval line 1 > eval, line 1: WEBGL_debug_renderer_info is deprecated in Firefox and will be removed. Please use RENDERER.
JavaScript warning: https://pagead2.googlesyndication.com/bg/tZsXipaSZXHHcL3TzAhvrOIdSpwDyJfWMGTb_6xT6xM.js line 2 > eval line 2777 > eval line 1 > eval line 1 > eval, line 1: WEBGL_debug_renderer_info is deprecated in Firefox and will be removed. Please use RENDERER.
console.warn: LoginRecipes: "Falling back to a synchronous message for: https://orangebookvalue.com."
JavaScript error: resource://gre/modules/XULStore.jsm, line 58: Error: Can't find profile directory.
JavaScript error: resource://gre/modules/XULStore.jsm, line 58: Error: Can't find profile directory.
JavaScript error: , line 0: TypeError: NetworkError when attempting to fetch resource.
JavaScript error: , line 0: TypeError: NetworkError when attempting to fetch resource.
JavaScript error: , line 0: TypeError: NetworkError when attempting to fetch resource.
JavaScript error: , line 0: TypeError: NetworkError when attempting to fetch resource.
JavaScript error: , line 0: TypeError: NetworkError when attempting to fetch resource.
console.error: ({})
1677240402173	Marionette	INFO	Stopped listening on port 55435
Dynamically enable window occlusion 1
JavaScript error: , line 0: TypeError: NetworkError when attempting to fetch resource.
JavaScript error: , line 0: TypeError: NetworkError when attempting to fetch resource.
JavaScript error: , line 0: TypeError: NetworkError when attempting to fetch resource.
JavaScript error: , line 0: TypeError: NetworkError when attempting to fetch resource.
JavaScript error: , line 0: TypeError: NetworkError when attempting to fetch resource.
